You have triggered an unhandledRejection, you may have forgotten to catch a Promise rejection:
SequelizeConnectionError: connect ETIMEDOUT
    at ConnectionManager.connect (/Users/daisaifeng/Desktop/study/sp-cli/sp-cli-koa2/node_modules/sequelize/lib/dialects/mysql/connection-manager.js:102:17)
    at processTicksAndRejections (internal/process/task_queues.js:95:5)
    at async ConnectionManager._connect (/Users/daisaifeng/Desktop/study/sp-cli/sp-cli-koa2/node_modules/sequelize/lib/dialects/abstract/connection-manager.js:222:24)
    at async /Users/daisaifeng/Desktop/study/sp-cli/sp-cli-koa2/node_modules/sequelize/lib/dialects/abstract/connection-manager.js:174:32
You have triggered an unhandledRejection, you may have forgotten to catch a Promise rejection:
SequelizeConnectionError: connect ETIMEDOUT
    at ConnectionManager.connect (/Users/daisaifeng/Desktop/study/sp-cli/sp-cli-koa2/node_modules/sequelize/lib/dialects/mysql/connection-manager.js:102:17)
    at processTicksAndRejections (internal/process/task_queues.js:95:5)
    at async ConnectionManager._connect (/Users/daisaifeng/Desktop/study/sp-cli/sp-cli-koa2/node_modules/sequelize/lib/dialects/abstract/connection-manager.js:222:24)
    at async /Users/daisaifeng/Desktop/study/sp-cli/sp-cli-koa2/node_modules/sequelize/lib/dialects/abstract/connection-manager.js:174:32
You have triggered an unhandledRejection, you may have forgotten to catch a Promise rejection:
SequelizeConnectionError: connect ETIMEDOUT
    at ConnectionManager.connect (/Users/daisaifeng/Desktop/study/sp-cli/sp-cli-koa2/node_modules/sequelize/lib/dialects/mysql/connection-manager.js:102:17)
    at processTicksAndRejections (internal/process/task_queues.js:95:5)
    at async ConnectionManager._connect (/Users/daisaifeng/Desktop/study/sp-cli/sp-cli-koa2/node_modules/sequelize/lib/dialects/abstract/connection-manager.js:222:24)
    at async /Users/daisaifeng/Desktop/study/sp-cli/sp-cli-koa2/node_modules/sequelize/lib/dialects/abstract/connection-manager.js:174:32
You have triggered an unhandledRejection, you may have forgotten to catch a Promise rejection:
SequelizeConnectionError: connect ETIMEDOUT
    at ConnectionManager.connect (/Users/daisaifeng/Desktop/study/sp-cli/sp-cli-koa2/node_modules/sequelize/lib/dialects/mysql/connection-manager.js:102:17)
    at processTicksAndRejections (internal/process/task_queues.js:95:5)
    at async ConnectionManager._connect (/Users/daisaifeng/Desktop/study/sp-cli/sp-cli-koa2/node_modules/sequelize/lib/dialects/abstract/connection-manager.js:222:24)
    at async /Users/daisaifeng/Desktop/study/sp-cli/sp-cli-koa2/node_modules/sequelize/lib/dialects/abstract/connection-manager.js:174:32
